#
# A fatal error has been detected by the Java Runtime Environment:
#
#  EXCEPTION_ACCESS_VIOLATION (0xc0000005) at pc=0x000000006ec4b5bb, pid=13168, tid=12856
#
# JRE version: Java(TM) SE Runtime Environment (18.0.2+9) (build 18.0.2+9-61)
# Java VM: Java HotSpot(TM) 64-Bit Server VM (18.0.2+9-61, mixed mode, sharing, tiered, compressed oops, compressed class ptrs, g1 gc, windows-amd64)
# Problematic frame:
# C  [jSSC-2.7_x86_64.dll+0xb5bb]
#
# No core dump will be written. Minidumps are not enabled by default on client versions of Windows
#
# If you would like to submit a bug report, please visit:
#   https://bugreport.java.com/bugreport/crash.jsp
# The crash happened outside the Java Virtual Machine in native code.
# See problematic frame for where to report the bug.
#

---------------  S U M M A R Y ------------

Command Line: -javaagent:C:\Program Files\JetBrains\IntelliJ IDEA Community Edition 2022.2\lib\idea_rt.jar=52448:C:\Program Files\JetBrains\IntelliJ IDEA Community Edition 2022.2\bin -Dfile.encoding=UTF-8 StartWindow.Main.Main

Host: Intel(R) Core(TM) i5-1035G1 CPU @ 1.00GHz, 8 cores, 7G,  Windows 11 , 64 bit Build 22000 (10.0.22000.708)
Time: Wed Sep 21 17:52:25 2022 Hora estándar, América Central elapsed time: 0.655439 seconds (0d 0h 0m 0s)

---------------  T H R E A D  ---------------

Current thread (0x000002363fbaf0c0):  JavaThread "main" [_thread_in_native, id=12856, stack(0x0000005df7a00000,0x0000005df7b00000)]

Stack: [0x0000005df7a00000,0x0000005df7b00000],  sp=0x0000005df7afee50,  free space=1019k
Native frames: (J=compiled Java code, j=interpreted, Vv=VM code, C=native code)
C  [jSSC-2.7_x86_64.dll+0xb5bb]

Java frames: (J=compiled Java code, j=interpreted, Vv=VM code)
j  jssc.SerialNativeInterface.openPort(Ljava/lang/String;Z)J+0
j  jssc.SerialPort.openPort()Z+65
j  comunicacionserial.ComunicacionSerial_Arduino.arduinoTX(Ljava/lang/String;I)V+58
j  StartWindow.Main.Main.<init>()V+24
j  StartWindow.Main.Main.VentanaInicio()V+4
j  StartWindow.Main.Main.main([Ljava/lang/String;)V+0
v  ~StubRoutines::call_stub

siginfo: EXCEPTION_ACCESS_VIOLATION (0xc0000005), reading address 0x000000003fc81ab6


Register to memory mapping:

RIP=0x000000006ec4b5bb jSSC-2.7_x86_64.dll
RAX=0x000000003fc81ab6 is an unknown value
RBX=0x0000005df7afeec0 is pointing into the stack for thread: 0x000002363fbaf0c0
RCX=0x00007ff82ada3d64 ntdll.dll
RDX=0x0 is NULL
RSP=0x0000005df7afee50 is pointing into the stack for thread: 0x000002363fbaf0c0
RBP=0x0000005df7afefd0 is pointing into the stack for thread: 0x000002363fbaf0c0
RSI=0x000002363fbaf350 points into unknown readable memory: 0x00007fffcd114710 | 10 47 11 cd ff 7f 00 00
RDI=0x0000000000000524 is an unknown value
R8 =0x0000005df7afed48 is pointing into the stack for thread: 0x000002363fbaf0c0
R9 =0x0 is NULL
R10=0x0 is NULL
R11=0x0000000000000246 is an unknown value
R12=0x0000005df7aff088 is pointing into the stack for thread: 0x000002363fbaf0c0
R13=0x000002366424edb0 points into unknown readable memory: 0x00664f000000005c | 5c 00 00 00 00 4f 66 00
R14=0x0000005df7afef80 is pointing into the stack for thread: 0x000002363fbaf0c0
R15=0x000002363fbaf0c0 is a thread


Registers:
RAX=0x000000003fc81ab6, RBX=0x0000005df7afeec0, RCX=0x00007ff82ada3d64, RDX=0x0000000000000000
RSP=0x0000005df7afee50, RBP=0x0000005df7afefd0, RSI=0x000002363fbaf350, RDI=0x0000000000000524
R8 =0x0000005df7afed48, R9 =0x0000000000000000, R10=0x0000000000000000, R11=0x0000000000000246
R12=0x0000005df7aff088, R13=0x000002366424edb0, R14=0x0000005df7afef80, R15=0x000002363fbaf0c0
RIP=0x000000006ec4b5bb, EFLAGS=0x0000000000010202

Top of Stack: (sp=0x0000005df7afee50)
0x0000005df7afee50:   00000236643f55d0 00007ff82ad276e1
0x0000005df7afee60:   000000006ec4b210 000002363f960000
0x0000005df7afee70:   000002363fbaf0c0 0000000000000004
0x0000005df7afee80:   000002363fbaf350 0000000000000524
0x0000005df7afee90:   0000005df7afefd0 000000006ec52570
0x0000005df7afeea0:   000002366424eda0 000002363f960000
0x0000005df7afeeb0:   0000005df7afefd0 0000000000000000
0x0000005df7afeec0:   0000000000000000 00007ff8282b284c
0x0000005df7afeed0:   0000000000000524 00007ff82878218b
0x0000005df7afeee0:   000002366424edb0 000002363fbaf350
0x0000005df7afeef0:   000000006ec534e0 000000006ec53bc8
0x0000005df7afef00:   0000005df7afef30 000000006ec52621
0x0000005df7afef10:   0000005df7afeea0 0000000000000000
0x0000005df7afef20:   0000000000000000 0000000000000000
0x0000005df7afef30:   0000005df7afefd0 000000006ec41575
0x0000005df7afef40:   000000000000001c 000002363fbaf350 

Instructions: (pc=0x000000006ec4b5bb)
0x000000006ec4b4bb:   48 85 c0 74 bf 44 8b 03 45 85 c0 0f 84 77 ff ff
0x000000006ec4b4cb:   ff eb 9f 66 90 e8 8b fe ff ff 48 89 05 2c 34 01
0x000000006ec4b4db:   00 eb ad 66 90 e8 7b fe ff ff 48 89 05 1c 34 01
0x000000006ec4b4eb:   00 eb 8b e8 8d fe ff ff c7 03 01 00 00 00 e9 6f
0x000000006ec4b4fb:   ff ff ff 66 90 55 48 89 e5 56 53 48 83 ec 20 48
0x000000006ec4b50b:   8b 05 f7 33 01 00 48 8b 31 48 89 cb 48 85 c0 74
0x000000006ec4b51b:   56 44 8b 18 45 85 db 78 42 48 8b 05 dd 33 01 00
0x000000006ec4b52b:   48 85 c0 74 50 44 8b 10 45 85 d2 74 1d 48 89 f1
0x000000006ec4b53b:   e8 d0 fd ff ff 48 8b 13 48 8d 42 40 48 8b 48 08
0x000000006ec4b54b:   48 8b 6a 40 48 8b 60 10 ff e1 48 8b 05 bc 33 01
0x000000006ec4b55b:   00 48 85 c0 74 2d 48 89 30 eb da e8 b5 fe ff ff
0x000000006ec4b56b:   0f 1f 44 00 00 eb b2 e8 e9 fd ff ff 48 89 05 8a
0x000000006ec4b57b:   33 01 00 eb 9c e8 db fd ff ff 48 89 05 7c 33 01
0x000000006ec4b58b:   00 eb a2 e8 3d fd ff ff 48 89 05 7e 33 01 00 eb
0x000000006ec4b59b:   c5 0f 1f 40 00 55 57 56 53 48 83 ec 28 48 8b 05
0x000000006ec4b5ab:   59 33 01 00 48 89 cb 48 85 c0 0f 84 c5 00 00 00
0x000000006ec4b5bb:   8b 38 85 ff 0f 88 ab 00 00 00 48 8b 05 3c 33 01
0x000000006ec4b5cb:   00 48 85 c0 0f 84 bc 00 00 00 8b 30 85 f6 74 57
0x000000006ec4b5db:   48 8b 05 2e 33 01 00 48 85 c0 0f 84 e5 00 00 00
0x000000006ec4b5eb:   8b 28 48 8b 35 30 5e 01 00 ff d6 89 c7 89 e9 ff
0x000000006ec4b5fb:   15 14 5f 01 00 89 f9 48 89 c5 ff 15 d9 5e 01 00
0x000000006ec4b60b:   48 8b 05 fe 32 01 00 48 89 2b 48 85 c0 74 46 48
0x000000006ec4b61b:   89 da 8b 08 ff 15 f7 5e 01 00 85 c0 74 27 48 83
0x000000006ec4b62b:   c4 28 5b 5e 5f 5d c3 48 8b 05 df 32 01 00 48 85
0x000000006ec4b63b:   c0 74 64 48 8b 10 48 89 13 48 89 18 48 83 c4 28
0x000000006ec4b64b:   5b 5e 5f 5d c3 48 89 f2 48 83 c4 28 5b 5e 5f 5d
0x000000006ec4b65b:   48 ff e2 66 90 e8 8b fc ff ff 48 89 05 a4 32 01
0x000000006ec4b66b:   00 eb ac 66 90 e8 ab fd ff ff e9 4b ff ff ff 66
0x000000006ec4b67b:   0f 1f 44 00 00 e8 db fc ff ff 48 89 05 7c 32 01
0x000000006ec4b68b:   00 e9 2a ff ff ff e8 ca fc ff ff 48 89 05 6b 32
0x000000006ec4b69b:   01 00 e9 33 ff ff ff e8 29 fc ff ff 48 89 05 6a
0x000000006ec4b6ab:   32 01 00 48 8b 10 48 85 c0 48 89 13 75 8b e8 12 


Stack slot to memory mapping:
stack at sp + 0 slots: 0x00000236643f55d0 points into unknown readable memory: 0x005c002e005c005c | 5c 00 5c 00 2e 00 5c 00
stack at sp + 1 slots: 0x00007ff82ad276e1 ntdll.dll
stack at sp + 2 slots: 0x000000006ec4b210 jSSC-2.7_x86_64.dll
stack at sp + 3 slots: 0x000002363f960000 points into unknown readable memory: 0x0000000000000000 | 00 00 00 00 00 00 00 00
stack at sp + 4 slots: 0x000002363fbaf0c0 is a thread
stack at sp + 5 slots: 0x0000000000000004 is an unknown value
stack at sp + 6 slots: 0x000002363fbaf350 points into unknown readable memory: 0x00007fffcd114710 | 10 47 11 cd ff 7f 00 00
stack at sp + 7 slots: 0x0000000000000524 is an unknown value


---------------  P R O C E S S  ---------------

Threads class SMR info:
_java_thread_list=0x0000023664dc95f0, length=17, elements={
0x000002363fbaf0c0, 0x000002365fbc2730, 0x000002365fbc50e0, 0x000002365fbe16e0,
0x000002365fbe2080, 0x000002365fbe2a20, 0x000002365fbe33c0, 0x000002365fbe7590,
0x000002365fbf1f90, 0x000002365fc1ecb0, 0x000002365fbafea0, 0x00000236641e4ef0,
0x00000236642488e0, 0x0000023664354420, 0x00000236643a4660, 0x00000236643a5970,
0x00000236643bd670
}

Java Threads: ( => current thread )
=>0x000002363fbaf0c0 JavaThread "main" [_thread_in_native, id=12856, stack(0x0000005df7a00000,0x0000005df7b00000)]
  0x000002365fbc2730 JavaThread "Reference Handler" daemon [_thread_blocked, id=18644, stack(0x0000005df8100000,0x0000005df8200000)]
  0x000002365fbc50e0 JavaThread "Finalizer" daemon [_thread_blocked, id=9848, stack(0x0000005df8200000,0x0000005df8300000)]
  0x000002365fbe16e0 JavaThread "Signal Dispatcher" daemon [_thread_blocked, id=10892, stack(0x0000005df8300000,0x0000005df8400000)]
  0x000002365fbe2080 JavaThread "Attach Listener" daemon [_thread_blocked, id=16248, stack(0x0000005df8400000,0x0000005df8500000)]
  0x000002365fbe2a20 JavaThread "Service Thread" daemon [_thread_blocked, id=13684, stack(0x0000005df8500000,0x0000005df8600000)]
  0x000002365fbe33c0 JavaThread "Monitor Deflation Thread" daemon [_thread_blocked, id=6824, stack(0x0000005df8600000,0x0000005df8700000)]
  0x000002365fbe7590 JavaThread "C2 CompilerThread0" daemon [_thread_blocked, id=12008, stack(0x0000005df8700000,0x0000005df8800000)]
  0x000002365fbf1f90 JavaThread "C1 CompilerThread0" daemon [_thread_blocked, id=3520, stack(0x0000005df8800000,0x0000005df8900000)]
  0x000002365fc1ecb0 JavaThread "Sweeper thread" daemon [_thread_blocked, id=19416, stack(0x0000005df8900000,0x0000005df8a00000)]
  0x000002365fbafea0 JavaThread "Common-Cleaner" daemon [_thread_blocked, id=3784, stack(0x0000005df8a00000,0x0000005df8b00000)]
  0x00000236641e4ef0 JavaThread "Monitor Ctrl-Break" daemon [_thread_in_native, id=17384, stack(0x0000005df8b00000,0x0000005df8c00000)]
  0x00000236642488e0 JavaThread "Notification Thread" daemon [_thread_blocked, id=6760, stack(0x0000005df8c00000,0x0000005df8d00000)]
  0x0000023664354420 JavaThread "Java2D Disposer" daemon [_thread_blocked, id=17980, stack(0x0000005df8e00000,0x0000005df8f00000)]
  0x00000236643a4660 JavaThread "AWT-Shutdown" [_thread_blocked, id=17220, stack(0x0000005df8f00000,0x0000005df9000000)]
  0x00000236643a5970 JavaThread "AWT-Windows" daemon [_thread_in_native, id=19144, stack(0x0000005df9000000,0x0000005df9100000)]
  0x00000236643bd670 JavaThread "AWT-EventQueue-0" [_thread_blocked, id=19360, stack(0x0000005df9100000,0x0000005df9200000)]

Other Threads:
  0x000002363fc2fa40 VMThread "VM Thread" [stack: 0x0000005df8000000,0x0000005df8100000] [id=19168]
  0x00000236641e53b0 WatcherThread "VM Periodic Task Thread" [stack: 0x0000005df8d00000,0x0000005df8e00000] [id=8048]
  0x000002363fc10d00 WorkerThread "GC Thread#0" [stack: 0x0000005df7b00000,0x0000005df7c00000] [id=9560]
  0x000002363fc22720 ConcurrentGCThread "G1 Main Marker" [stack: 0x0000005df7c00000,0x0000005df7d00000] [id=19000]
  0x000002363fc248c0 WorkerThread "G1 Conc#0" [stack: 0x0000005df7d00000,0x0000005df7e00000] [id=6424]
  0x000002363fc760b0 ConcurrentGCThread "G1 Refine#0" [stack: 0x0000005df7e00000,0x0000005df7f00000] [id=5552]
  0x000002363fc77870 ConcurrentGCThread "G1 Service" [stack: 0x0000005df7f00000,0x0000005df8000000] [id=15440]

Threads with active compile tasks:

VM state: not at safepoint (normal execution)

VM Mutex/Monitor currently owned by a thread: None

Heap address: 0x0000000083400000, size: 1996 MB, Compressed Oops mode: 32-bit

CDS archive(s) mapped at: [0x0000000800000000-0x0000000800ba0000-0x0000000800ba0000), size 12189696, SharedBaseAddress: 0x0000000800000000, ArchiveRelocationMode: 0.
Compressed class space mapped at: 0x0000000800c00000-0x0000000840c00000, reserved size: 1073741824
Narrow klass base: 0x0000000800000000, Narrow klass shift: 0, Narrow klass range: 0x100000000

GC Precious Log:
 CardTable entry size: 512
 Card Set container configuration: InlinePtr #cards 5 size 8 Array Of Cards #cards 12 size 40 Howl #buckets 4 coarsen threshold 1843 Howl Bitmap #cards 512 size 80 coarsen threshold 460 Card regions per heap region 1 cards per card region 2048
 CPUs: 8 total, 8 available
 Memory: 7981M
 Large Page Support: Disabled
 NUMA Support: Disabled
 Compressed Oops: Enabled (32-bit)
 Heap Region Size: 1M
 Heap Min Capacity: 8M
 Heap Initial Capacity: 126M
 Heap Max Capacity: 1996M
 Pre-touch: Disabled
 Parallel Workers: 8
 Concurrent Workers: 2
 Concurrent Refinement Workers: 8
 Periodic GC: Disabled

Heap:
 garbage-first heap   total 129024K, used 7168K [0x0000000083400000, 0x0000000100000000)
  region size 1024K, 8 young (8192K), 0 survivors (0K)
 Metaspace       used 6836K, committed 7104K, reserved 1114112K
  class space    used 830K, committed 960K, reserved 1048576K

Heap Regions: E=young(eden), S=young(survivor), O=old, HS=humongous(starts), HC=humongous(continues), CS=collection set, F=free, OA=open archive, CA=closed archive, TAMS=top-at-mark-start (previous, next)
|   0|0x0000000083400000, 0x0000000083400000, 0x0000000083500000|  0%| F|  |TAMS 0x0000000083400000, 0x0000000083400000| Untracked 
|   1|0x0000000083500000, 0x0000000083500000, 0x0000000083600000|  0%| F|  |TAMS 0x0000000083500000, 0x0000000083500000| Untracked 
|   2|0x0000000083600000, 0x0000000083600000, 0x0000000083700000|  0%| F|  |TAMS 0x0000000083600000, 0x0000000083600000| Untracked 
|   3|0x0000000083700000, 0x0000000083700000, 0x0000000083800000|  0%| F|  |TAMS 0x0000000083700000, 0x0000000083700000| Untracked 
|   4|0x0000000083800000, 0x0000000083800000, 0x0000000083900000|  0%| F|  |TAMS 0x0000000083800000, 0x0000000083800000| Untracked 
|   5|0x0000000083900000, 0x0000000083900000, 0x0000000083a00000|  0%| F|  |TAMS 0x0000000083900000, 0x0000000083900000| Untracked 
|   6|0x0000000083a00000, 0x0000000083a00000, 0x0000000083b00000|  0%| F|  |TAMS 0x0000000083a00000, 0x0000000083a00000| Untracked 
|   7|0x0000000083b00000, 0x0000000083b00000, 0x0000000083c00000|  0%| F|  |TAMS 0x0000000083b00000, 0x0000000083b00000| Untracked 
|   8|0x0000000083c00000, 0x0000000083c00000, 0x0000000083d00000|  0%| F|  |TAMS 0x0000000083c00000, 0x0000000083c00000| Untracked 
|   9|0x0000000083d00000, 0x0000000083d00000, 0x0000000083e00000|  0%| F|  |TAMS 0x0000000083d00000, 0x0000000083d00000| Untracked 
|  10|0x0000000083e00000, 0x0000000083e00000, 0x0000000083f00000|  0%| F|  |TAMS 0x0000000083e00000, 0x0000000083e00000| Untracked 
|  11|0x0000000083f00000, 0x0000000083f00000, 0x0000000084000000|  0%| F|  |TAMS 0x0000000083f00000, 0x0000000083f00000| Untracked 
|  12|0x0000000084000000, 0x0000000084000000, 0x0000000084100000|  0%| F|  |TAMS 0x0000000084000000, 0x0000000084000000| Untracked 
|  13|0x0000000084100000, 0x0000000084100000, 0x0000000084200000|  0%| F|  |TAMS 0x0000000084100000, 0x0000000084100000| Untracked 
|  14|0x0000000084200000, 0x0000000084200000, 0x0000000084300000|  0%| F|  |TAMS 0x0000000084200000, 0x0000000084200000| Untracked 
|  15|0x0000000084300000, 0x0000000084300000, 0x0000000084400000|  0%| F|  |TAMS 0x0000000084300000, 0x0000000084300000| Untracked 
|  16|0x0000000084400000, 0x0000000084400000, 0x0000000084500000|  0%| F|  |TAMS 0x0000000084400000, 0x0000000084400000| Untracked 
|  17|0x0000000084500000, 0x0000000084500000, 0x0000000084600000|  0%| F|  |TAMS 0x0000000084500000, 0x0000000084500000| Untracked 
|  18|0x0000000084600000, 0x0000000084600000, 0x0000000084700000|  0%| F|  |TAMS 0x0000000084600000, 0x0000000084600000| Untracked 
|  19|0x0000000084700000, 0x0000000084700000, 0x0000000084800000|  0%| F|  |TAMS 0x0000000084700000, 0x0000000084700000| Untracked 
|  20|0x0000000084800000, 0x0000000084800000, 0x0000000084900000|  0%| F|  |TAMS 0x0000000084800000, 0x0000000084800000| Untracked 
|  21|0x0000000084900000, 0x0000000084900000, 0x0000000084a00000|  0%| F|  |TAMS 0x0000000084900000, 0x0000000084900000| Untracked 
|  22|0x0000000084a00000, 0x0000000084a00000, 0x0000000084b00000|  0%| F|  |TAMS 0x0000000084a00000, 0x0000000084a00000| Untracked 
|  23|0x0000000084b00000, 0x0000000084b00000, 0x0000000084c00000|  0%| F|  |TAMS 0x0000000084b00000, 0x0000000084b00000| Untracked 
|  24|0x0000000084c00000, 0x0000000084c00000, 0x0000000084d00000|  0%| F|  |TAMS 0x0000000084c00000, 0x0000000084c00000| Untracked 
|  25|0x0000000084d00000, 0x0000000084d00000, 0x0000000084e00000|  0%| F|  |TAMS 0x0000000084d00000, 0x0000000084d00000| Untracked 
|  26|0x0000000084e00000, 0x0000000084e00000, 0x0000000084f00000|  0%| F|  |TAMS 0x0000000084e00000, 0x0000000084e00000| Untracked 
|  27|0x0000000084f00000, 0x0000000084f00000, 0x0000000085000000|  0%| F|  |TAMS 0x0000000084f00000, 0x0000000084f00000| Untracked 
|  28|0x0000000085000000, 0x0000000085000000, 0x0000000085100000|  0%| F|  |TAMS 0x0000000085000000, 0x0000000085000000| Untracked 
|  29|0x0000000085100000, 0x0000000085100000, 0x0000000085200000|  0%| F|  |TAMS 0x0000000085100000, 0x0000000085100000| Untracked 
|  30|0x0000000085200000, 0x0000000085200000, 0x0000000085300000|  0%| F|  |TAMS 0x0000000085200000, 0x0000000085200000| Untracked 
|  31|0x0000000085300000, 0x0000000085300000, 0x0000000085400000|  0%| F|  |TAMS 0x0000000085300000, 0x0000000085300000| Untracked 
|  32|0x0000000085400000, 0x0000000085400000, 0x0000000085500000|  0%| F|  |TAMS 0x0000000085400000, 0x0000000085400000| Untracked 
|  33|0x0000000085500000, 0x0000000085500000, 0x0000000085600000|  0%| F|  |TAMS 0x0000000085500000, 0x0000000085500000| Untracked 
|  34|0x0000000085600000, 0x0000000085600000, 0x0000000085700000|  0%| F|  |TAMS 0x0000000085600000, 0x0000000085600000| Untracked 
|  35|0x0000000085700000, 0x0000000085700000, 0x0000000085800000|  0%| F|  |TAMS 0x0000000085700000, 0x0000000085700000| Untracked 
|  36|0x0000000085800000, 0x0000000085800000, 0x0000000085900000|  0%| F|  |TAMS 0x0000000085800000, 0x0000000085800000| Untracked 
|  37|0x0000000085900000, 0x0000000085900000, 0x0000000085a00000|  0%| F|  |TAMS 0x0000000085900000, 0x0000000085900000| Untracked 
|  38|0x0000000085a00000, 0x0000000085a00000, 0x0000000085b00000|  0%| F|  |TAMS 0x0000000085a00000, 0x0000000085a00000| Untracked 
|  39|0x0000000085b00000, 0x0000000085b00000, 0x0000000085c00000|  0%| F|  |TAMS 0x0000000085b00000, 0x0000000085b00000| Untracked 
|  40|0x0000000085c00000, 0x0000000085c00000, 0x0000000085d00000|  0%| F|  |TAMS 0x0000000085c00000, 0x0000000085c00000| Untracked 
|  41|0x0000000085d00000, 0x0000000085d00000, 0x0000000085e00000|  0%| F|  |TAMS 0x0000000085d00000, 0x0000000085d00000| Untracked 
|  42|0x0000000085e00000, 0x0000000085e00000, 0x0000000085f00000|  0%| F|  |TAMS 0x0000000085e00000, 0x0000000085e00000| Untracked 
|  43|0x0000000085f00000, 0x0000000085f00000, 0x0000000086000000|  0%| F|  |TAMS 0x0000000085f00000, 0x0000000085f00000| Untracked 
|  44|0x0000000086000000, 0x0000000086000000, 0x0000000086100000|  0%| F|  |TAMS 0x0000000086000000, 0x0000000086000000| Untracked 
|  45|0x0000000086100000, 0x0000000086100000, 0x0000000086200000|  0%| F|  |TAMS 0x0000000086100000, 0x0000000086100000| Untracked 
|  46|0x0000000086200000, 0x0000000086200000, 0x0000000086300000|  0%| F|  |TAMS 0x0000000086200000, 0x0000000086200000| Untracked 
|  47|0x0000000086300000, 0x0000000086300000, 0x0000000086400000|  0%| F|  |TAMS 0x0000000086300000, 0x0000000086300000| Untracked 
|  48|0x0000000086400000, 0x0000000086400000, 0x0000000086500000|  0%| F|  |TAMS 0x0000000086400000, 0x0000000086400000| Untracked 
|  49|0x0000000086500000, 0x0000000086500000, 0x0000000086600000|  0%| F|  |TAMS 0x0000000086500000, 0x0000000086500000| Untracked 
|  50|0x0000000086600000, 0x0000000086600000, 0x0000000086700000|  0%| F|  |TAMS 0x0000000086600000, 0x0000000086600000| Untracked 
|  51|0x0000000086700000, 0x0000000086700000, 0x0000000086800000|  0%| F|  |TAMS 0x0000000086700000, 0x0000000086700000| Untracked 
|  52|0x0000000086800000, 0x0000000086800000, 0x0000000086900000|  0%| F|  |TAMS 0x0000000086800000, 0x0000000086800000| Untracked 
|  53|0x0000000086900000, 0x0000000086900000, 0x0000000086a00000|  0%| F|  |TAMS 0x0000000086900000, 0x0000000086900000| Untracked 
|  54|0x0000000086a00000, 0x0000000086a00000, 0x0000000086b00000|  0%| F|  |TAMS 0x0000000086a00000, 0x0000000086a00000| Untracked 
|  55|0x0000000086b00000, 0x0000000086b00000, 0x0000000086c00000|  0%| F|  |TAMS 0x0000000086b00000, 0x0000000086b00000| Untracked 
|  56|0x0000000086c00000, 0x0000000086c00000, 0x0000000086d00000|  0%| F|  |TAMS 0x0000000086c00000, 0x0000000086c00000| Untracked 
|  57|0x0000000086d00000, 0x0000000086d00000, 0x0000000086e00000|  0%| F|  |TAMS 0x0000000086d00000, 0x0000000086d00000| Untracked 
|  58|0x0000000086e00000, 0x0000000086e00000, 0x0000000086f00000|  0%| F|  |TAMS 0x0000000086e00000, 0x0000000086e00000| Untracked 
|  59|0x0000000086f00000, 0x0000000086f00000, 0x0000000087000000|  0%| F|  |TAMS 0x0000000086f00000, 0x0000000086f00000| Untracked 
|  60|0x0000000087000000, 0x0000000087000000, 0x0000000087100000|  0%| F|  |TAMS 0x0000000087000000, 0x0000000087000000| Untracked 
|  61|0x0000000087100000, 0x0000000087100000, 0x0000000087200000|  0%| F|  |TAMS 0x0000000087100000, 0x0000000087100000| Untracked 
|  62|0x0000000087200000, 0x0000000087200000, 0x0000000087300000|  0%| F|  |TAMS 0x0000000087200000, 0x0000000087200000| Untracked 
|  63|0x0000000087300000, 0x0000000087300000, 0x0000000087400000|  0%| F|  |TAMS 0x0000000087300000, 0x0000000087300000| Untracked 
|  64|0x0000000087400000, 0x0000000087400000, 0x0000000087500000|  0%| F|  |TAMS 0x0000000087400000, 0x0000000087400000| Untracked 
|  65|0x0000000087500000, 0x0000000087500000, 0x0000000087600000|  0%| F|  |TAMS 0x0000000087500000, 0x0000000087500000| Untracked 
|  66|0x0000000087600000, 0x0000000087600000, 0x0000000087700000|  0%| F|  |TAMS 0x0000000087600000, 0x0000000087600000| Untracked 
|  67|0x0000000087700000, 0x0000000087700000, 0x0000000087800000|  0%| F|  |TAMS 0x0000000087700000, 0x0000000087700000| Untracked 
|  68|0x0000000087800000, 0x0000000087800000, 0x0000000087900000|  0%| F|  |TAMS 0x0000000087800000, 0x0000000087800000| Untracked 
|  69|0x0000000087900000, 0x0000000087900000, 0x0000000087a00000|  0%| F|  |TAMS 0x0000000087900000, 0x0000000087900000| Untracked 
|  70|0x0000000087a00000, 0x0000000087a00000, 0x0000000087b00000|  0%| F|  |TAMS 0x0000000087a00000, 0x0000000087a00000| Untracked 
|  71|0x0000000087b00000, 0x0000000087b00000, 0x0000000087c00000|  0%| F|  |TAMS 0x0000000087b00000, 0x0000000087b00000| Untracked 
|  72|0x0000000087c00000, 0x0000000087c00000, 0x0000000087d00000|  0%| F|  |TAMS 0x0000000087c00000, 0x0000000087c00000| Untracked 
|  73|0x0000000087d00000, 0x0000000087d00000, 0x0000000087e00000|  0%| F|  |TAMS 0x0000000087d00000, 0x0000000087d00000| Untracked 
|  74|0x0000000087e00000, 0x0000000087e00000, 0x0000000087f00000|  0%| F|  |TAMS 0x0000000087e00000, 0x0000000087e00000| Untracked 
|  75|0x0000000087f00000, 0x0000000087f00000, 0x0000000088000000|  0%| F|  |TAMS 0x0000000087f00000, 0x0000000087f00000| Untracked 
|  76|0x0000000088000000, 0x0000000088000000, 0x0000000088100000|  0%| F|  |TAMS 0x0000000088000000, 0x0000000088000000| Untracked 
|  77|0x0000000088100000, 0x0000000088100000, 0x0000000088200000|  0%| F|  |TAMS 0x0000000088100000, 0x0000000088100000| Untracked 
|  78|0x0000000088200000, 0x0000000088200000, 0x0000000088300000|  0%| F|  |TAMS 0x0000000088200000, 0x0000000088200000| Untracked 
|  79|0x0000000088300000, 0x0000000088300000, 0x0000000088400000|  0%| F|  |TAMS 0x0000000088300000, 0x0000000088300000| Untracked 
|  80|0x0000000088400000, 0x0000000088400000, 0x0000000088500000|  0%| F|  |TAMS 0x0000000088400000, 0x0000000088400000| Untracked 
|  81|0x0000000088500000, 0x0000000088500000, 0x0000000088600000|  0%| F|  |TAMS 0x0000000088500000, 0x0000000088500000| Untracked 
|  82|0x0000000088600000, 0x0000000088600000, 0x0000000088700000|  0%| F|  |TAMS 0x0000000088600000, 0x0000000088600000| Untracked 
|  83|0x0000000088700000, 0x0000000088700000, 0x0000000088800000|  0%| F|  |TAMS 0x0000000088700000, 0x0000000088700000| Untracked 
|  84|0x0000000088800000, 0x0000000088800000, 0x0000000088900000|  0%| F|  |TAMS 0x0000000088800000, 0x0000000088800000| Untracked 
|  85|0x0000000088900000, 0x0000000088900000, 0x0000000088a00000|  0%| F|  |TAMS 0x0000000088900000, 0x0000000088900000| Untracked 
|  86|0x0000000088a00000, 0x0000000088a00000, 0x0000000088b00000|  0%| F|  |TAMS 0x0000000088a00000, 0x0000000088a00000| Untracked 
|  87|0x0000000088b00000, 0x0000000088b00000, 0x0000000088c00000|  0%| F|  |TAMS 0x0000000088b00000, 0x0000000088b00000| Untracked 
|  88|0x0000000088c00000, 0x0000000088c00000, 0x0000000088d00000|  0%| F|  |TAMS 0x0000000088c00000, 0x0000000088c00000| Untracked 
|  89|0x0000000088d00000, 0x0000000088d00000, 0x0000000088e00000|  0%| F|  |TAMS 0x0000000088d00000, 0x0000000088d00000| Untracked 
|  90|0x0000000088e00000, 0x0000000088e00000, 0x0000000088f00000|  0%| F|  |TAMS 0x0000000088e00000, 0x0000000088e00000| Untracked 
|  91|0x0000000088f00000, 0x0000000088f00000, 0x0000000089000000|  0%| F|  |TAMS 0x0000000088f00000, 0x0000000088f00000| Untracked 
|  92|0x0000000089000000, 0x0000000089000000, 0x0000000089100000|  0%| F|  |TAMS 0x0000000089000000, 0x0000000089000000| Untracked 
|  93|0x0000000089100000, 0x0000000089100000, 0x0000000089200000|  0%| F|  |TAMS 0x0000000089100000, 0x0000000089100000| Untracked 
|  94|0x0000000089200000, 0x0000000089200000, 0x0000000089300000|  0%| F|  |TAMS 0x0000000089200000, 0x0000000089200000| Untracked 
|  95|0x0000000089300000, 0x0000000089300000, 0x0000000089400000|  0%| F|  |TAMS 0x0000000089300000, 0x0000000089300000| Untracked 
|  96|0x0000000089400000, 0x0000000089400000, 0x0000000089500000|  0%| F|  |TAMS 0x0000000089400000, 0x0000000089400000| Untracked 
|  97|0x0000000089500000, 0x0000000089500000, 0x0000000089600000|  0%| F|  |TAMS 0x0000000089500000, 0x0000000089500000| Untracked 
|  98|0x0000000089600000, 0x0000000089600000, 0x0000000089700000|  0%| F|  |TAMS 0x0000000089600000, 0x0000000089600000| Untracked 
|  99|0x0000000089700000, 0x0000000089700000, 0x0000000089800000|  0%| F|  |TAMS 0x0000000089700000, 0x0000000089700000| Untracked 
| 100|0x0000000089800000, 0x0000000089800000, 0x0000000089900000|  0%| F|  |TAMS 0x0000000089800000, 0x0000000089800000| Untracked 
| 101|0x0000000089900000, 0x0000000089900000, 0x0000000089a00000|  0%| F|  |TAMS 0x0000000089900000, 0x0000000089900000| Untracked 
| 102|0x0000000089a00000, 0x0000000089a00000, 0x0000000089b00000|  0%| F|  |TAMS 0x0000000089a00000, 0x0000000089a00000| Untracked 
| 103|0x0000000089b00000, 0x0000000089b00000, 0x0000000089c00000|  0%| F|  |TAMS 0x0000000089b00000, 0x0000000089b00000| Untracked 
| 104|0x0000000089c00000, 0x0000000089c00000, 0x0000000089d00000|  0%| F|  |TAMS 0x0000000089c00000, 0x0000000089c00000| Untracked 
| 105|0x0000000089d00000, 0x0000000089d00000, 0x0000000089e00000|  0%| F|  |TAMS 0x0000000089d00000, 0x0000000089d00000| Untracked 
| 106|0x0000000089e00000, 0x0000000089e00000, 0x0000000089f00000|  0%| F|  |TAMS 0x0000000089e00000, 0x0000000089e00000| Untracked 
| 107|0x0000000089f00000, 0x0000000089f00000, 0x000000008a000000|  0%| F|  |TAMS 0x0000000089f00000, 0x0000000089f00000| Untracked 
| 108|0x000000008a000000, 0x000000008a000000, 0x000000008a100000|  0%| F|  |TAMS 0x000000008a000000, 0x000000008a000000| Untracked 
| 109|0x000000008a100000, 0x000000008a100000, 0x000000008a200000|  0%| F|  |TAMS 0x000000008a100000, 0x000000008a100000| Untracked 
| 110|0x000000008a200000, 0x000000008a200000, 0x000000008a300000|  0%| F|  |TAMS 0x000000008a200000, 0x000000008a200000| Untracked 
| 111|0x000000008a300000, 0x000000008a300000, 0x000000008a400000|  0%| F|  |TAMS 0x000000008a300000, 0x000000008a300000| Untracked 
| 112|0x000000008a400000, 0x000000008a400000, 0x000000008a500000|  0%| F|  |TAMS 0x000000008a400000, 0x000000008a400000| Untracked 
| 113|0x000000008a500000, 0x000000008a500000, 0x000000008a600000|  0%| F|  |TAMS 0x000000008a500000, 0x000000008a500000| Untracked 
| 114|0x000000008a600000, 0x000000008a600000, 0x000000008a700000|  0%| F|  |TAMS 0x000000008a600000, 0x000000008a600000| Untracked 
| 115|0x000000008a700000, 0x000000008a700000, 0x000000008a800000|  0%| F|  |TAMS 0x000000008a700000, 0x000000008a700000| Untracked 
| 116|0x000000008a800000, 0x000000008a800000, 0x000000008a900000|  0%| F|  |TAMS 0x000000008a800000, 0x000000008a800000| Untracked 
| 117|0x000000008a900000, 0x000000008a900000, 0x000000008aa00000|  0%| F|  |TAMS 0x000000008a900000, 0x000000008a900000| Untracked 
| 118|0x000000008aa00000, 0x000000008aa76440, 0x000000008ab00000| 46%| E|  |TAMS 0x000000008aa00000, 0x000000008aa00000| Complete 
| 119|0x000000008ab00000, 0x000000008ac00000, 0x000000008ac00000|100%| E|CS|TAMS 0x000000008ab00000, 0x000000008ab00000| Complete 
| 120|0x000000008ac00000, 0x000000008ad00000, 0x000000008ad00000|100%| E|CS|TAMS 0x000000008ac00000, 0x000000008ac00000| Complete 
| 121|0x000000008ad00000, 0x000000008ae00000, 0x000000008ae00000|100%| E|CS|TAMS 0x000000008ad00000, 0x000000008ad00000| Complete 
| 122|0x000000008ae00000, 0x000000008af00000, 0x000000008af00000|100%| E|CS|TAMS 0x000000008ae00000, 0x000000008ae00000| Complete 
| 123|0x000000008af00000, 0x000000008b000000, 0x000000008b000000|100%| E|CS|TAMS 0x000000008af00000, 0x000000008af00000| Complete 
| 124|0x000000008b000000, 0x000000008b100000, 0x000000008b100000|100%| E|CS|TAMS 0x000000008b000000, 0x000000008b000000| Complete 
| 125|0x000000008b100000, 0x000000008b200000, 0x000000008b200000|100%| E|CS|TAMS 0x000000008b100000, 0x000000008b100000| Complete 

Card table byte_map: [0x0000023658b30000,0x0000023658f20000] _byte_map_base: 0x0000023658716000

Marking Bits (Prev, Next): (CMBitMap*) 0x000002363fc12310, (CMBitMap*) 0x000002363fc12350
 Prev Bits: [0x0000023659310000, 0x000002365b240000)
 Next Bits: [0x000002365b240000, 0x000002365d170000)

Polling page: 0x0000023648ca0000

Metaspace:

Usage:
  Non-class:      5.87 MB used.
      Class:    830.59 KB used.
       Both:      6.68 MB used.

Virtual space:
  Non-class space:       64.00 MB reserved,       6.00 MB (  9%) committed,  1 nodes.
      Class space:        1.00 GB reserved,     960.00 KB ( <1%) committed,  1 nodes.
             Both:        1.06 GB reserved,       6.94 MB ( <1%) committed. 

Chunk freelists:
   Non-Class:  1.97 MB
       Class:  3.12 MB
        Both:  5.09 MB

MaxMetaspaceSize: unlimited
CompressedClassSpaceSize: 1.00 GB
Initial GC threshold: 21.00 MB
Current GC threshold: 21.00 MB
CDS: on
MetaspaceReclaimPolicy: balanced
 - commit_granule_bytes: 65536.
 - commit_granule_words: 8192.
 - virtual_space_node_default_size: 8388608.
 - enlarge_chunks_in_place: 1.
 - new_chunks_are_fully_committed: 0.
 - uncommit_free_chunks: 1.
 - use_allocation_guard: 0.


Internal statistics:

num_allocs_failed_limit: 0.
num_arena_births: 120.
num_arena_deaths: 0.
num_vsnodes_births: 2.
num_vsnodes_deaths: 0.
num_space_committed: 111.
num_space_uncommitted: 0.
num_chunks_returned_to_freelist: 0.
num_chunks_taken_from_freelist: 177.
num_chunk_merges: 0.
num_chunk_splits: 96.
num_chunks_enlarged: 32.
num_inconsistent_stats: 0.

CodeHeap 'non-profiled nmethods': size=120000Kb used=195Kb max_used=195Kb free=119804Kb
 bounds [0x0000023650790000, 0x0000023650a00000, 0x0000023657cc0000]
CodeHeap 'profiled nmethods': size=120000Kb used=948Kb max_used=948Kb free=119051Kb
 bounds [0x0000023649260000, 0x00000236494d0000, 0x0000023650790000]
CodeHeap 'non-nmethods': size=5760Kb used=1229Kb max_used=1243Kb free=4531Kb
 bounds [0x0000023648cc0000, 0x0000023648f30000, 0x0000023649260000]
 total_blobs=1181 nmethods=666 adapters=428
 compilation: enabled
              stopped_count=0, restarted_count=0
 full_count=0

Compilation events (20 events):
Event: 0.623 Thread 0x000002365fbf1f90  655       3       sun.awt.SunToolkit::getAppContext (42 bytes)
Event: 0.624 Thread 0x000002365fbf1f90 nmethod 655 0x0000023649348190 code [0x0000023649348440, 0x0000023649349268]
Event: 0.627 Thread 0x000002365fbf1f90  658       3       java.lang.StringConcatHelper::initialCoder (14 bytes)
Event: 0.627 Thread 0x000002365fbf1f90 nmethod 658 0x0000023649349710 code [0x00000236493498a0, 0x00000236493499b8]
Event: 0.627 Thread 0x000002365fbf1f90  659       3       java.lang.StringConcatHelper::simpleConcat (94 bytes)
Event: 0.630 Thread 0x000002365fbf1f90 nmethod 659 0x0000023649349a10 code [0x0000023649349d20, 0x000002364934af78]
Event: 0.631 Thread 0x000002365fbf1f90  660       3       java.lang.StringLatin1::indexOf (121 bytes)
Event: 0.631 Thread 0x000002365fbf1f90 nmethod 660 0x000002364934b610 code [0x000002364934b7e0, 0x000002364934bcd8]
Event: 0.633 Thread 0x000002365fbe7590  661       4       java.lang.StringLatin1::lastIndexOf (40 bytes)
Event: 0.634 Thread 0x000002365fbf1f90  663       3       java.util.zip.ZipFile$Source::getEntryHash (7 bytes)
Event: 0.634 Thread 0x000002365fbf1f90 nmethod 663 0x000002364934bf10 code [0x000002364934c0a0, 0x000002364934c1d8]
Event: 0.634 Thread 0x000002365fbf1f90  664       3       java.lang.CharacterDataLatin1::toUpperCase (53 bytes)
Event: 0.635 Thread 0x000002365fbf1f90 nmethod 664 0x000002364934c290 code [0x000002364934c440, 0x000002364934c6d8]
Event: 0.635 Thread 0x000002365fbf1f90  665       3       java.lang.ref.PhantomReference::<init> (7 bytes)
Event: 0.635 Thread 0x000002365fbf1f90 nmethod 665 0x000002364934c810 code [0x000002364934c9c0, 0x000002364934cc98]
Event: 0.636 Thread 0x000002365fbf1f90  666       3       java.util.zip.ZipFile::ensureOpen (40 bytes)
Event: 0.637 Thread 0x000002365fbf1f90 nmethod 666 0x000002364934cd90 code [0x000002364934cf60, 0x000002364934d278]
Event: 0.640 Thread 0x000002365fbe7590 nmethod 661 0x00000236507c0790 code [0x00000236507c0900, 0x00000236507c0a98]
Event: 0.640 Thread 0x000002365fbe7590  662       4       java.lang.String::isLatin1 (19 bytes)
Event: 0.640 Thread 0x000002365fbe7590 nmethod 662 0x00000236507c0b90 code [0x00000236507c0d00, 0x00000236507c0d98]

GC Heap History (0 events):
No events

Deoptimization events (20 events):
Event: 0.466 Thread 0x000002363fbaf0c0 DEOPT PACKING pc=0x0000023649289767 sp=0x0000005df7afd650
Event: 0.466 Thread 0x000002363fbaf0c0 DEOPT UNPACKING pc=0x0000023648d16763 sp=0x0000005df7afca70 mode 0
Event: 0.498 Thread 0x000002363fbaf0c0 Uncommon trap: trap_request=0xffffffc6 fr.pc=0x00000236507b007c relative=0x0000000000000adc
Event: 0.498 Thread 0x000002363fbaf0c0 Uncommon trap: reason=bimorphic_or_optimized_type_check action=maybe_recompile pc=0x00000236507b007c method=java.util.HashMap.putVal(ILjava/lang/Object;Ljava/lang/Object;ZZ)Ljava/lang/Object; @ 56 c2
Event: 0.498 Thread 0x000002363fbaf0c0 DEOPT PACKING pc=0x00000236507b007c sp=0x0000005df7afe960
Event: 0.498 Thread 0x000002363fbaf0c0 DEOPT UNPACKING pc=0x0000023648d15c23 sp=0x0000005df7afe8e8 mode 2
Event: 0.498 Thread 0x000002363fbaf0c0 Uncommon trap: trap_request=0xffffffc6 fr.pc=0x00000236507b007c relative=0x0000000000000adc
Event: 0.498 Thread 0x000002363fbaf0c0 Uncommon trap: reason=bimorphic_or_optimized_type_check action=maybe_recompile pc=0x00000236507b007c method=java.util.HashMap.putVal(ILjava/lang/Object;Ljava/lang/Object;ZZ)Ljava/lang/Object; @ 56 c2
Event: 0.498 Thread 0x000002363fbaf0c0 DEOPT PACKING pc=0x00000236507b007c sp=0x0000005df7afe960
Event: 0.498 Thread 0x000002363fbaf0c0 DEOPT UNPACKING pc=0x0000023648d15c23 sp=0x0000005df7afe8e8 mode 2
Event: 0.498 Thread 0x000002363fbaf0c0 Uncommon trap: trap_request=0xffffffc6 fr.pc=0x00000236507b007c relative=0x0000000000000adc
Event: 0.498 Thread 0x000002363fbaf0c0 Uncommon trap: reason=bimorphic_or_optimized_type_check action=maybe_recompile pc=0x00000236507b007c method=java.util.HashMap.putVal(ILjava/lang/Object;Ljava/lang/Object;ZZ)Ljava/lang/Object; @ 56 c2
Event: 0.498 Thread 0x000002363fbaf0c0 DEOPT PACKING pc=0x00000236507b007c sp=0x0000005df7afe960
Event: 0.498 Thread 0x000002363fbaf0c0 DEOPT UNPACKING pc=0x0000023648d15c23 sp=0x0000005df7afe8e8 mode 2
Event: 0.498 Thread 0x000002363fbaf0c0 Uncommon trap: trap_request=0xffffffc6 fr.pc=0x00000236507b007c relative=0x0000000000000adc
Event: 0.498 Thread 0x000002363fbaf0c0 Uncommon trap: reason=bimorphic_or_optimized_type_check action=maybe_recompile pc=0x00000236507b007c method=java.util.HashMap.putVal(ILjava/lang/Object;Ljava/lang/Object;ZZ)Ljava/lang/Object; @ 56 c2
Event: 0.498 Thread 0x000002363fbaf0c0 DEOPT PACKING pc=0x00000236507b007c sp=0x0000005df7afe960
Event: 0.498 Thread 0x000002363fbaf0c0 DEOPT UNPACKING pc=0x0000023648d15c23 sp=0x0000005df7afe8e8 mode 2
Event: 0.535 Thread 0x000002363fbaf0c0 DEOPT PACKING pc=0x000002364926cfd1 sp=0x0000005df7afccf0
Event: 0.535 Thread 0x000002363fbaf0c0 DEOPT UNPACKING pc=0x0000023648d16763 sp=0x0000005df7afc168 mode 0

Classes loaded (20 events):
Event: 0.624 Loading class javax/swing/SwingContainerOrderFocusTraversalPolicy
Event: 0.624 Loading class javax/swing/SwingContainerOrderFocusTraversalPolicy done
Event: 0.624 Loading class javax/swing/SwingDefaultFocusTraversalPolicy
Event: 0.624 Loading class javax/swing/SwingDefaultFocusTraversalPolicy done
Event: 0.624 Loading class javax/swing/LayoutComparator
Event: 0.624 Loading class javax/swing/LayoutComparator done
Event: 0.625 Loading class javax/swing/plaf/metal/MetalRootPaneUI
Event: 0.625 Loading class javax/swing/plaf/basic/BasicRootPaneUI
Event: 0.625 Loading class javax/swing/plaf/RootPaneUI
Event: 0.625 Loading class javax/swing/plaf/RootPaneUI done
Event: 0.625 Loading class javax/swing/plaf/basic/BasicRootPaneUI done
Event: 0.625 Loading class javax/swing/plaf/metal/MetalRootPaneUI done
Event: 0.626 Loading class javax/swing/plaf/basic/BasicRootPaneUI$RootPaneInputMap
Event: 0.626 Loading class javax/swing/plaf/ComponentInputMapUIResource
Event: 0.626 Loading class javax/swing/ComponentInputMap
Event: 0.626 Loading class javax/swing/ComponentInputMap done
Event: 0.626 Loading class javax/swing/plaf/ComponentInputMapUIResource done
Event: 0.626 Loading class javax/swing/plaf/basic/BasicRootPaneUI$RootPaneInputMap done
Event: 0.632 Loading class java/lang/SecurityException
Event: 0.633 Loading class java/lang/SecurityException done

Classes unloaded (0 events):
No events

Classes redefined (0 events):
No events

Internal exceptions (19 events):
Event: 0.190 Thread 0x000002363fbaf0c0 Exception <a 'java/lang/NoSuchMethodError'{0x000000008b0d85b0}: 'void java.lang.invoke.DirectMethodHandle$Holder.invokeStatic(java.lang.Object, java.lang.Object, java.lang.Object)'> (0x000000008b0d85b0) 
thrown [s\open\src\hotspot\share\interpreter\linkResolver.cpp, line 759]
Event: 0.199 Thread 0x000002363fbaf0c0 Exception <a 'java/lang/NoSuchMethodError'{0x000000008b0f1530}: 'java.lang.Object java.lang.invoke.Invokers$Holder.invokeExact_MT(java.lang.Object, java.lang.Object, java.lang.Object, java.lang.Object, java.lang.Object)'> (0x000000008b0f1530) 
thrown [s\open\src\hotspot\share\interpreter\linkResolver.cpp, line 759]
Event: 0.222 Thread 0x00000236641e4ef0 Exception <a 'java/lang/NoSuchMethodError'{0x000000008af06df0}: 'void java.lang.invoke.DirectMethodHandle$Holder.invokeStatic(java.lang.Object, java.lang.Object)'> (0x000000008af06df0) 
thrown [s\open\src\hotspot\share\interpreter\linkResolver.cpp, line 759]
Event: 0.236 Thread 0x000002363fbaf0c0 Exception <a 'java/lang/ClassNotFoundException'{0x000000008af90168}: sun/awt/resources/spi/awtProvider> (0x000000008af90168) 
thrown [s\open\src\hotspot\share\classfile\systemDictionary.cpp, line 255]
Event: 0.272 Thread 0x000002363fbaf0c0 Exception <a 'java/io/FileNotFoundException'{0x000000008afe0fc8}> (0x000000008afe0fc8) 
thrown [s\open\src\hotspot\share\prims\jni.cpp, line 516]
Event: 0.285 Thread 0x000002363fbaf0c0 Exception <a 'java/io/FileNotFoundException'{0x000000008ae0e490}> (0x000000008ae0e490) 
thrown [s\open\src\hotspot\share\prims\jni.cpp, line 516]
Event: 0.321 Thread 0x000002363fbaf0c0 Exception <a 'java/lang/NoClassDefFoundError'{0x000000008ae47a50}: org/slf4j/impl/StaticLoggerBinder> (0x000000008ae47a50) 
thrown [s\open\src\hotspot\share\classfile\systemDictionary.cpp, line 244]
Event: 0.326 Thread 0x000002363fbaf0c0 Exception <a 'java/lang/NoSuchMethodError'{0x000000008ae53180}: 'int java.lang.invoke.DirectMethodHandle$Holder.invokeStaticInit(java.lang.Object, java.lang.Object, java.lang.Object, java.lang.Object)'> (0x000000008ae53180) 
thrown [s\open\src\hotspot\share\interpreter\linkResolver.cpp, line 759]
Event: 0.329 Thread 0x000002363fbaf0c0 Exception <a 'java/lang/NoSuchMethodError'{0x000000008ae5c8b0}: 'java.lang.Object java.lang.invoke.DirectMethodHandle$Holder.invokeInterface(java.lang.Object, java.lang.Object)'> (0x000000008ae5c8b0) 
thrown [s\open\src\hotspot\share\interpreter\linkResolver.cpp, line 759]
Event: 0.329 Thread 0x000002363fbaf0c0 Exception <a 'java/lang/IncompatibleClassChangeError'{0x000000008ae5fdf8}: Found class java.lang.Object, but interface was expected> (0x000000008ae5fdf8) 
thrown [s\open\src\hotspot\share\interpreter\linkResolver.cpp, line 826]
Event: 0.330 Thread 0x000002363fbaf0c0 Exception <a 'java/lang/NoSuchMethodError'{0x000000008ae62f10}: 'void java.lang.invoke.DirectMethodHandle$Holder.invokeStaticInit(java.lang.Object, java.lang.Object)'> (0x000000008ae62f10) 
thrown [s\open\src\hotspot\share\interpreter\linkResolver.cpp, line 759]
Event: 0.332 Thread 0x000002363fbaf0c0 Exception <a 'java/lang/NoSuchMethodError'{0x000000008ae68f88}: 'int java.lang.invoke.DirectMethodHandle$Holder.invokeStaticInit(java.lang.Object, java.lang.Object)'> (0x000000008ae68f88) 
thrown [s\open\src\hotspot\share\interpreter\linkResolver.cpp, line 759]
Event: 0.385 Thread 0x000002363fbaf0c0 Exception <a 'java/lang/NoSuchMethodError'{0x000000008ad57eb0}: 'java.lang.Object java.lang.invoke.DirectMethodHandle$Holder.invokeStaticInit(java.lang.Object)'> (0x000000008ad57eb0) 
thrown [s\open\src\hotspot\share\interpreter\linkResolver.cpp, line 759]
Event: 0.432 Thread 0x000002363fbaf0c0 Exception <a 'java/lang/NoSuchMethodError'{0x000000008adf4960}: 'void java.lang.invoke.DirectMethodHandle$Holder.invokeSpecial(java.lang.Object, java.lang.Object, java.lang.Object)'> (0x000000008adf4960) 
thrown [s\open\src\hotspot\share\interpreter\linkResolver.cpp, line 759]
Event: 0.446 Thread 0x000002363fbaf0c0 Exception <a 'java/lang/NoSuchMethodError'{0x000000008ac1f718}: 'java.lang.Object java.lang.invoke.DirectMethodHandle$Holder.newInvokeSpecial(java.lang.Object, java.lang.Object, java.lang.Object, java.lang.Object, java.lang.Object)'> (0x000000008ac1f718) 
thrown [s\open\src\hotspot\share\interpreter\linkResolver.cpp, line 759]
Event: 0.458 Thread 0x000002363fbaf0c0 Exception <a 'java/lang/NoSuchMethodError'{0x000000008ac51028}: 'java.lang.Object java.lang.invoke.DirectMethodHandle$Holder.invokeStatic(java.lang.Object, int, java.lang.Object)'> (0x000000008ac51028) 
thrown [s\open\src\hotspot\share\interpreter\linkResolver.cpp, line 759]
Event: 0.497 Thread 0x000002363fbaf0c0 Exception <a 'java/lang/ClassNotFoundException'{0x000000008ab10f40}: com/sun/swing/internal/plaf/metal/resources/spi/metalProvider> (0x000000008ab10f40) 
thrown [s\open\src\hotspot\share\classfile\systemDictionary.cpp, line 255]
Event: 0.498 Thread 0x000002363fbaf0c0 Exception <a 'java/lang/ClassNotFoundException'{0x000000008ab14ce0}: com/sun/swing/internal/plaf/basic/resources/spi/basicProvider> (0x000000008ab14ce0) 
thrown [s\open\src\hotspot\share\classfile\systemDictionary.cpp, line 255]
Event: 0.534 Thread 0x000002363fbaf0c0 Exception <a 'java/lang/NoSuchMethodError'{0x000000008ab3bd48}: 'int java.lang.invoke.Invokers$Holder.invokeExact_MT(java.lang.Object, java.lang.Object)'> (0x000000008ab3bd48) 
thrown [s\open\src\hotspot\share\interpreter\linkResolver.cpp, line 759]

VM Operations (6 events):
Event: 0.115 Executing VM operation: HandshakeAllThreads
Event: 0.115 Executing VM operation: HandshakeAllThreads done
Event: 0.210 Executing VM operation: HandshakeAllThreads
Event: 0.211 Executing VM operation: HandshakeAllThreads done
Event: 0.501 Executing VM operation: HandshakeAllThreads
Event: 0.501 Executing VM operation: HandshakeAllThreads done

Events (20 events):
Event: 0.051 Thread 0x000002365fbe7590 Thread added: 0x000002365fbe7590
Event: 0.051 Thread 0x000002365fbf1f90 Thread added: 0x000002365fbf1f90
Event: 0.051 Thread 0x000002365fc1ecb0 Thread added: 0x000002365fc1ecb0
Event: 0.099 Thread 0x000002365fbafea0 Thread added: 0x000002365fbafea0
Event: 0.140 Loaded shared library C:\Program Files\Java\jdk-18.0.2\bin\zip.dll
Event: 0.144 Loaded shared library C:\Program Files\Java\jdk-18.0.2\bin\instrument.dll
Event: 0.160 Loaded shared library C:\Program Files\Java\jdk-18.0.2\bin\net.dll
Event: 0.163 Loaded shared library C:\Program Files\Java\jdk-18.0.2\bin\nio.dll
Event: 0.168 Loaded shared library C:\Program Files\Java\jdk-18.0.2\bin\zip.dll
Event: 0.206 Loaded shared library C:\Program Files\JetBrains\IntelliJ IDEA Community Edition 2022.2\bin\breakgen64.dll
Event: 0.207 Thread 0x00000236641e4ef0 Thread added: 0x00000236641e4ef0
Event: 0.207 Thread 0x00000236642488e0 Thread added: 0x00000236642488e0
Event: 0.230 Loaded shared library C:\Program Files\Java\jdk-18.0.2\bin\jimage.dll
Event: 0.252 Loaded shared library C:\Program Files\Java\jdk-18.0.2\bin\awt.dll
Event: 0.308 Loaded shared library C:\Program Files\Java\jdk-18.0.2\bin\verify.dll
Event: 0.386 Thread 0x0000023664354420 Thread added: 0x0000023664354420
Event: 0.395 Thread 0x00000236643a4660 Thread added: 0x00000236643a4660
Event: 0.401 Thread 0x00000236643a5970 Thread added: 0x00000236643a5970
Event: 0.561 Thread 0x00000236643bd670 Thread added: 0x00000236643bd670
Event: 0.641 Loaded shared library C:\Users\ignac\.jssc\windows\jSSC-2.7_x86_64.dll


Dynamic libraries:
0x00007ff640ab0000 - 0x00007ff640ac0000 	C:\Program Files\Java\jdk-18.0.2\bin\java.exe
0x00007ff82ad00000 - 0x00007ff82af09000 	C:\WINDOWS\SYSTEM32\ntdll.dll
0x00007ff82a260000 - 0x00007ff82a31d000 	C:\WINDOWS\System32\KERNEL32.DLL
0x00007ff828280000 - 0x00007ff8285fc000 	C:\WINDOWS\System32\KERNELBASE.dll
0x00007ff828770000 - 0x00007ff828881000 	C:\WINDOWS\System32\ucrtbase.dll
0x00007ff822c40000 - 0x00007ff822c58000 	C:\Program Files\Java\jdk-18.0.2\bin\jli.dll
0x00007ff828f70000 - 0x00007ff82901e000 	C:\WINDOWS\System32\ADVAPI32.dll
0x00007ff822d10000 - 0x00007ff822d2a000 	C:\Program Files\Java\jdk-18.0.2\bin\VCRUNTIME140.dll
0x00007ff829fb0000 - 0x00007ff82a053000 	C:\WINDOWS\System32\msvcrt.dll
0x00007ff82a5f0000 - 0x00007ff82a68e000 	C:\WINDOWS\System32\sechost.dll
0x00007ff828ca0000 - 0x00007ff828dc0000 	C:\WINDOWS\System32\RPCRT4.dll
0x00007ff828dc0000 - 0x00007ff828f6d000 	C:\WINDOWS\System32\USER32.dll
0x00007ff808920000 - 0x00007ff808bc5000 	C:\WINDOWS\WinSxS\amd64_microsoft.windows.common-controls_6595b64144ccf1df_6.0.22000.120_none_9d947278b86cc467\COMCTL32.dll
0x00007ff828af0000 - 0x00007ff828b16000 	C:\WINDOWS\System32\win32u.dll
0x00007ff82a5b0000 - 0x00007ff82a5d9000 	C:\WINDOWS\System32\GDI32.dll
0x00007ff828890000 - 0x00007ff8289a9000 	C:\WINDOWS\System32\gdi32full.dll
0x00007ff8281e0000 - 0x00007ff82827d000 	C:\WINDOWS\System32\msvcp_win.dll
0x00007ff822860000 - 0x00007ff82286a000 	C:\WINDOWS\SYSTEM32\VERSION.dll
0x00007ff82a060000 - 0x00007ff82a091000 	C:\WINDOWS\System32\IMM32.DLL
0x00007ff824030000 - 0x00007ff82403c000 	C:\Program Files\Java\jdk-18.0.2\bin\vcruntime140_1.dll
0x00007ffff4f90000 - 0x00007ffff501d000 	C:\Program Files\Java\jdk-18.0.2\bin\msvcp140.dll
0x00007fffcc650000 - 0x00007fffcd261000 	C:\Program Files\Java\jdk-18.0.2\bin\server\jvm.dll
0x00007ff82a5e0000 - 0x00007ff82a5e8000 	C:\WINDOWS\System32\PSAPI.DLL
0x00007ff81cf50000 - 0x00007ff81cf59000 	C:\WINDOWS\SYSTEM32\WSOCK32.dll
0x00007ff823e50000 - 0x00007ff823e83000 	C:\WINDOWS\SYSTEM32\WINMM.dll
0x00007ff829e50000 - 0x00007ff829ebf000 	C:\WINDOWS\System32\WS2_32.dll
0x00007ff8272d0000 - 0x00007ff8272e8000 	C:\WINDOWS\SYSTEM32\kernel.appcore.dll
0x00007ff824010000 - 0x00007ff82401a000 	C:\Program Files\Java\jdk-18.0.2\bin\jimage.dll
0x00007ff826970000 - 0x00007ff826b91000 	C:\WINDOWS\SYSTEM32\DBGHELP.DLL
0x00007ff822ee0000 - 0x00007ff822f11000 	C:\WINDOWS\SYSTEM32\dbgcore.DLL
0x00007ff8289b0000 - 0x00007ff828a2f000 	C:\WINDOWS\System32\bcryptPrimitives.dll
0x00007ff822690000 - 0x00007ff82269e000 	C:\Program Files\Java\jdk-18.0.2\bin\instrument.dll
0x00007ff81c770000 - 0x00007ff81c795000 	C:\Program Files\Java\jdk-18.0.2\bin\java.dll
0x00007ffff05f0000 - 0x00007ffff06c6000 	C:\Program Files\Java\jdk-18.0.2\bin\jsvml.dll
0x00007ff8290a0000 - 0x00007ff829858000 	C:\WINDOWS\System32\SHELL32.dll
0x00007ff826100000 - 0x00007ff826968000 	C:\WINDOWS\SYSTEM32\windows.storage.dll
0x00007ff82a940000 - 0x00007ff82acb9000 	C:\WINDOWS\System32\combase.dll
0x00007ff825ee0000 - 0x00007ff826046000 	C:\WINDOWS\SYSTEM32\wintypes.dll
0x00007ff82a840000 - 0x00007ff82a92a000 	C:\WINDOWS\System32\SHCORE.dll
0x00007ff82a550000 - 0x00007ff82a5ad000 	C:\WINDOWS\System32\shlwapi.dll
0x00007ff828110000 - 0x00007ff828131000 	C:\WINDOWS\SYSTEM32\profapi.dll
0x00007ff81c750000 - 0x00007ff81c768000 	C:\Program Files\Java\jdk-18.0.2\bin\zip.dll
0x00007ff81d3d0000 - 0x00007ff81d3e3000 	C:\Program Files\Java\jdk-18.0.2\bin\net.dll
0x00007ff823740000 - 0x00007ff82384c000 	C:\WINDOWS\SYSTEM32\WINHTTP.dll
0x00007ff827700000 - 0x00007ff827767000 	C:\WINDOWS\system32\mswsock.dll
0x00007ff81cf80000 - 0x00007ff81cf96000 	C:\Program Files\Java\jdk-18.0.2\bin\nio.dll
0x00007ff81c630000 - 0x00007ff81c64a000 	C:\Program Files\JetBrains\IntelliJ IDEA Community Edition 2022.2\bin\breakgen64.dll
0x00007fffec9c0000 - 0x00007fffecb4f000 	C:\Program Files\Java\jdk-18.0.2\bin\awt.dll
0x00007ff829ec0000 - 0x00007ff829f96000 	C:\WINDOWS\System32\OLEAUT32.dll
0x00007ff825570000 - 0x00007ff825601000 	C:\WINDOWS\SYSTEM32\apphelp.dll
0x00007ff821df0000 - 0x00007ff821e00000 	C:\Program Files\Java\jdk-18.0.2\bin\verify.dll
0x00007ff825630000 - 0x00007ff8256dc000 	C:\WINDOWS\system32\uxtheme.dll
0x00007ff82a6c0000 - 0x00007ff82a7de000 	C:\WINDOWS\System32\MSCTF.dll
0x00007ff82a3b0000 - 0x00007ff82a54a000 	C:\WINDOWS\System32\ole32.dll
0x00007ff8259b0000 - 0x00007ff8259df000 	C:\WINDOWS\system32\DWMAPI.DLL
0x00007ff809760000 - 0x00007ff809861000 	C:\WINDOWS\system32\opengl32.dll
0x00007ff80fa00000 - 0x00007ff80fa2d000 	C:\WINDOWS\SYSTEM32\GLU32.dll
0x00007ff825710000 - 0x00007ff825748000 	C:\WINDOWS\SYSTEM32\dxcore.dll
0x000000006ec40000 - 0x000000006ec65000 	C:\Users\ignac\.jssc\windows\jSSC-2.7_x86_64.dll

dbghelp: loaded successfully - version: 4.0.5 - missing functions: none
symbol engine: initialized successfully - sym options: 0x614 - pdb path: .;C:\Program Files\Java\jdk-18.0.2\bin;C:\WINDOWS\SYSTEM32;C:\WINDOWS\WinSxS\amd64_microsoft.windows.common-controls_6595b64144ccf1df_6.0.22000.120_none_9d947278b86cc467;C:\Program Files\Java\jdk-18.0.2\bin\server;C:\Program Files\JetBrains\IntelliJ IDEA Community Edition 2022.2\bin;C:\Users\ignac\.jssc\windows

VM Arguments:
jvm_args: -javaagent:C:\Program Files\JetBrains\IntelliJ IDEA Community Edition 2022.2\lib\idea_rt.jar=52448:C:\Program Files\JetBrains\IntelliJ IDEA Community Edition 2022.2\bin -Dfile.encoding=UTF-8 
java_command: StartWindow.Main.Main
java_class_path (initial): C:\Users\ignac\Desktop\Music-Player - copia\out\production\Music-Player;C:\Users\ignac\Desktop\Music-Player - copia\libs and details\basicplayer-3.0.0.0.jar;C:\Users\ignac\Desktop\Music-Player - copia\libs and details\jlayer-1.0.1.4.jar;C:\Users\ignac\Desktop\Music-Player - copia\libs and details\junit-3.8.2.jar;C:\Users\ignac\Desktop\Music-Player - copia\libs and details\mp3spi-1.9.5.4.jar;C:\Users\ignac\Desktop\Music-Player - copia\libs and details\slf4j-api-1.7.12.jar;C:\Users\ignac\Desktop\Music-Player - copia\libs and details\tritonus-share-0.3.7.4.jar;C:\Users\ignac\Desktop\Music-Player - copia\libs and details\opencsv-5.7.0.jar;C:\Users\ignac\Desktop\Music-Player - copia\libs and details\PanamaHitek_Arduino.v2.7.0.jar;C:\Users\ignac\Downloads\Comunicacion Serial\ComunicacionSerial-2.1.jar;C:\Users\ignac\Downloads\Comunicacion Serial\lib\jssc.jar
Launcher Type: SUN_STANDARD

[Global flags]
     intx CICompilerCount                          = 4                                         {product} {ergonomic}
     uint ConcGCThreads                            = 2                                         {product} {ergonomic}
     uint G1ConcRefinementThreads                  = 8                                         {product} {ergonomic}
   size_t G1HeapRegionSize                         = 1048576                                   {product} {ergonomic}
    uintx GCDrainStackTargetSize                   = 64                                        {product} {ergonomic}
   size_t InitialHeapSize                          = 132120576                                 {product} {ergonomic}
   size_t MarkStackSize                            = 4194304                                   {product} {ergonomic}
   size_t MaxHeapSize                              = 2092957696                                {product} {ergonomic}
   size_t MaxNewSize                               = 1255145472                                {product} {ergonomic}
   size_t MinHeapDeltaBytes                        = 1048576                                   {product} {ergonomic}
   size_t MinHeapSize                              = 8388608                                   {product} {ergonomic}
    uintx NonNMethodCodeHeapSize                   = 5839372                                {pd product} {ergonomic}
    uintx NonProfiledCodeHeapSize                  = 122909434                              {pd product} {ergonomic}
    uintx ProfiledCodeHeapSize                     = 122909434                              {pd product} {ergonomic}
    uintx ReservedCodeCacheSize                    = 251658240                              {pd product} {ergonomic}
     bool SegmentedCodeCache                       = true                                      {product} {ergonomic}
   size_t SoftMaxHeapSize                          = 2092957696                             {manageable} {ergonomic}
     bool UseCompressedClassPointers               = true                           {product lp64_product} {ergonomic}
     bool UseCompressedOops                        = true                           {product lp64_product} {ergonomic}
     bool UseG1GC                                  = true                                      {product} {ergonomic}
     bool UseLargePagesIndividualAllocation        = false                                  {pd product} {ergonomic}

Logging:
Log output configuration:
 #0: stdout all=warning uptime,level,tags foldmultilines=false
 #1: stderr all=off uptime,level,tags foldmultilines=false

Environment Variables:
PATH=C:\Program Files\Common Files\Oracle\Java\javapath;C:\Program Files\Eclipse Adoptium\jdk-11.0.16.8-hotspot\bin;C:\ProgramData\Oracle\Java\javapath;C:\WINDOWS\system32;C:\WINDOWS;C:\WINDOWS\System32\Wbem;C:\WINDOWS\System32\WindowsPowerShell\v1.0\;C:\WINDOWS\System32\OpenSSH\;C:\Program Files\Java\jdk-18.0.2\bin;C:\Program Files\Git\cmd;C:\Users\ignac\AppData\Local\Programs\Python\Python310\Scripts\;C:\Users\ignac\AppData\Local\Programs\Python\Python310\;C:\Users\ignac\AppData\Local\Microsoft\WindowsApps;C:\Users\ignac\AppData\Local\Programs\Microsoft VS Code\bin;C:\Users\ignac\AppData\Local\GitHubDesktop\bin;C:\Program Files\JetBrains\IntelliJ IDEA Community Edition 2022.2\bin;
USERNAME=ignac
OS=Windows_NT
PROCESSOR_IDENTIFIER=Intel64 Family 6 Model 126 Stepping 5, GenuineIntel



---------------  S Y S T E M  ---------------

OS:
 Windows 11 , 64 bit Build 22000 (10.0.22000.708)
OS uptime: 4 days 19:30 hours

CPU: total 8 (initial active 8) (4 cores per cpu, 2 threads per core) family 6 model 126 stepping 5 microcode 0xa6, cx8, cmov, fxsr, ht, mmx, 3dnowpref, sse, sse2, sse3, ssse3, sse4.1, sse4.2, popcnt, lzcnt, tsc, tscinvbit, avx, avx2, aes, erms, clmul, bmi1, bmi2, adx, avx512f, avx512dq, avx512cd, avx512bw, avx512vl, sha, fma, vzeroupper, avx512_vpopcntdq, avx512_vpclmulqdq, avx512_vaes, avx512_vnni, clflush, clflushopt, avx512_vbmi2, avx512_vbmi

Memory: 4k page, system-wide physical 7981M (838M free)
TotalPageFile size 14189M (AvailPageFile size 3128M)
current process WorkingSet (physical memory assigned to process): 51M, peak: 51M
current process commit charge ("private bytes"): 218M, peak: 218M

vm_info: Java HotSpot(TM) 64-Bit Server VM (18.0.2+9-61) for windows-amd64 JRE (18.0.2+9-61), built on Jun  7 2022 13:09:01 by "mach5one" with MS VC++ 16.8 / 16.9 (VS2019)

END.
